2024-05-07T07:48:40.408Z [account-service] error: addNewAccount ->  Couldnot add account detail to database
2024-05-07T07:49:31.863Z [account-service] info: getAllAccount ->  Fetched all account detail
2024-05-07T07:52:58.279Z [account-service] info: getAllAccount ->  Fetched all account detail
2024-05-07T07:52:58.348Z [account-service] info: getAccountByAccountNo ->  Fetched account detail by account_no
2024-05-07T08:16:15.309Z [account-service] info: getAllAccount ->  Fetched all account detail
2024-05-07T08:16:15.385Z [account-service] info: getAccountByAccountNo ->  Fetched account detail by account_no
2024-05-07T08:16:15.455Z [account-service] warn: deleteExistingAccount ->  Nothing to delete
2024-05-07T08:20:25.704Z [account-service] info: getAllAccount ->  Fetched all account detail
2024-05-07T08:20:25.757Z [account-service] info: getAccountByAccountNo ->  Fetched account detail by account_no
2024-05-07T08:20:25.814Z [account-service] warn: deleteExistingAccount ->  Nothing to delete
2024-05-07T08:22:34.793Z [account-service] info: addNewAccount ->  Added account Detail 
2024-05-07T08:22:45.123Z [account-service] info: getAllAccount ->  Fetched all account detail
2024-05-07T08:22:45.188Z [account-service] info: getAccountByAccountNo ->  Fetched account detail by account_no
2024-05-07T08:22:45.252Z [account-service] warn: deleteExistingAccount ->  Nothing to delete
2024-05-07T08:23:53.972Z [account-service] info: updateExistingAccount ->  Updated existing account
2024-05-07T10:41:33.263Z [account-service] info: getAllAccount ->  Fetched all account detail
2024-05-07T10:41:40.724Z [account-service] info: getAccountByAccountNo ->  Fetched account detail by account_no
2024-05-07T10:42:05.915Z [account-service] error: addNewAccount ->  Couldnot add account detail to database
2024-05-07T10:43:21.798Z [account-service] info: addNewAccount ->  Added account Detail 
2024-05-07T10:43:57.965Z [account-service] warn: updateExistingAccount ->  Nothing to update
2024-05-07T10:44:09.298Z [account-service] info: deleteExistingAccount ->  Deleted existing account
